                              1 ;--------------------------------------------------------
                              2 ; File Created by SDCC : FreeWare ANSI-C Compiler
                              3 ; Version 2.3.1 Fri Aug  4 01:27:48 2017
                              4 
                              5 ;--------------------------------------------------------
                              6 	.module _isxdigit
                              7 	
                              8 ;--------------------------------------------------------
                              9 ; Public variables in this module
                             10 ;--------------------------------------------------------
                             11 	.globl _isxdigit
                             12 ;--------------------------------------------------------
                             13 ; special function registers
                             14 ;--------------------------------------------------------
                             15 ;--------------------------------------------------------
                             16 ; special function bits 
                             17 ;--------------------------------------------------------
                             18 ;--------------------------------------------------------
                             19 ; internal ram data
                             20 ;--------------------------------------------------------
                             21 	.area _DATA
                             22 ;--------------------------------------------------------
                             23 ; overlayable items in internal ram 
                             24 ;--------------------------------------------------------
                             25 	.area _OVERLAY
                             26 ;--------------------------------------------------------
                             27 ; indirectly addressable internal ram data
                             28 ;--------------------------------------------------------
                             29 	.area _ISEG
                             30 ;--------------------------------------------------------
                             31 ; bit data
                             32 ;--------------------------------------------------------
                             33 	.area _BSEG
                             34 ;--------------------------------------------------------
                             35 ; external ram data
                             36 ;--------------------------------------------------------
                             37 	.area _XSEG
                             38 ;--------------------------------------------------------
                             39 ; global & static initialisations
                             40 ;--------------------------------------------------------
                             41 	.area _GSINIT
                             42 	.area _GSFINAL
                             43 	.area _GSINIT
                             44 ;--------------------------------------------------------
                             45 ; Home
                             46 ;--------------------------------------------------------
                             47 	.area _HOME
                             48 	.area _CODE
                             49 ;--------------------------------------------------------
                             50 ; code
                             51 ;--------------------------------------------------------
                             52 	.area _CODE
                             53 ;	_isxdigit.c 24
                             54 ;	genLabel
                             55 ;	genFunction
                             56 ;	---------------------------------
                             57 ; Function isxdigit
                             58 ; ---------------------------------
   0000                      59 ___isxdigit_start:
   0000                      60 _isxdigit:
                             61 	
                             62 ;	_isxdigit.c 27
                             63 ;	genCmpLt
                             64 ;	AOP_STK for 
   0000 F8 02                65 	lda	hl,2(sp)
   0002 7E                   66 	ld	a,(hl)
   0003 FE 30                67 	cp	#0x30
   0005 DAr0Es00             68 	jp	c,00105$
                             69 ;	genCmpGt
                             70 ;	AOP_STK for 
   0008 3E 39                71 	ld	a,#0x39
   000A 96                   72 	sub	a,(hl)
   000B D2r2As00             73 	jp	nc,00101$
                             74 ;	genLabel
   000E                      75 00105$:
                             76 ;	_isxdigit.c 28
                             77 ;	genCmpLt
                             78 ;	AOP_STK for 
   000E F8 02                79 	lda	hl,2(sp)
   0010 7E                   80 	ld	a,(hl)
   0011 FE 61                81 	cp	#0x61
   0013 DAr1Cs00             82 	jp	c,00107$
                             83 ;	genCmpGt
                             84 ;	AOP_STK for 
   0016 3E 66                85 	ld	a,#0x66
   0018 96                   86 	sub	a,(hl)
   0019 D2r2As00             87 	jp	nc,00101$
                             88 ;	genLabel
   001C                      89 00107$:
                             90 ;	_isxdigit.c 29
                             91 ;	genCmpLt
                             92 ;	AOP_STK for 
   001C F8 02                93 	lda	hl,2(sp)
   001E 7E                   94 	ld	a,(hl)
   001F FE 41                95 	cp	#0x41
   0021 DAr2Fs00             96 	jp	c,00102$
                             97 ;	genCmpGt
                             98 ;	AOP_STK for 
   0024 3E 46                99 	ld	a,#0x46
   0026 96                  100 	sub	a,(hl)
   0027 DAr2Fs00            101 	jp	c,00102$
                            102 ;	genLabel
   002A                     103 00101$:
                            104 ;	_isxdigit.c 30
                            105 ;	genRet
   002A 1E 01               106 	ld	e,#0x01
   002C C3r31s00            107 	jp	00108$
                            108 ;	genLabel
   002F                     109 00102$:
                            110 ;	_isxdigit.c 31
                            111 ;	genRet
   002F 1E 00               112 	ld	e,#0x00
                            113 ;	genLabel
   0031                     114 00108$:
                            115 ;	genEndFunction
                            116 	
   0031 C9                  117 	ret
   0032                     118 ___isxdigit_end:
                            119 	.area _CODE
