                              1 ;--------------------------------------------------------
                              2 ; File Created by SDCC : FreeWare ANSI-C Compiler
                              3 ; Version 2.3.1 Fri Aug  4 01:27:49 2017
                              4 
                              5 ;--------------------------------------------------------
                              6 	.module _memset
                              7 	
                              8 ;--------------------------------------------------------
                              9 ; Public variables in this module
                             10 ;--------------------------------------------------------
                             11 	.globl _memset
                             12 ;--------------------------------------------------------
                             13 ; special function registers
                             14 ;--------------------------------------------------------
                             15 ;--------------------------------------------------------
                             16 ; special function bits 
                             17 ;--------------------------------------------------------
                             18 ;--------------------------------------------------------
                             19 ; internal ram data
                             20 ;--------------------------------------------------------
                             21 	.area _DATA
                             22 ;--------------------------------------------------------
                             23 ; overlayable items in internal ram 
                             24 ;--------------------------------------------------------
                             25 	.area _OVERLAY
                             26 ;--------------------------------------------------------
                             27 ; indirectly addressable internal ram data
                             28 ;--------------------------------------------------------
                             29 	.area _ISEG
                             30 ;--------------------------------------------------------
                             31 ; bit data
                             32 ;--------------------------------------------------------
                             33 	.area _BSEG
                             34 ;--------------------------------------------------------
                             35 ; external ram data
                             36 ;--------------------------------------------------------
                             37 	.area _XSEG
                             38 ;--------------------------------------------------------
                             39 ; global & static initialisations
                             40 ;--------------------------------------------------------
                             41 	.area _GSINIT
                             42 	.area _GSFINAL
                             43 	.area _GSINIT
                             44 ;--------------------------------------------------------
                             45 ; Home
                             46 ;--------------------------------------------------------
                             47 	.area _HOME
                             48 	.area _CODE
                             49 ;--------------------------------------------------------
                             50 ; code
                             51 ;--------------------------------------------------------
                             52 	.area _CODE
                             53 ;	_memset.c 27
                             54 ;	genLabel
                             55 ;	genFunction
                             56 ;	---------------------------------
                             57 ; Function memset
                             58 ; ---------------------------------
   0000                      59 ___memset_start:
   0000                      60 _memset:
   0000 E8 FC                61 	lda	sp,-4(sp)
                             62 ;	_memset.c 32
                             63 ;	genAssign
                             64 ;	(operands are equal 3)
                             65 ;	_memset.c 34
                             66 ;	genAssign
                             67 ;	AOP_STK for 
                             68 ;	AOP_STK for _memset_ret_1_1
   0002 F8 06                69 	lda	hl,6(sp)
   0004 2A                   70 	ld	a,(hl+)
   0005 5E                   71 	ld	e,(hl)
   0006 F8 02                72 	lda	hl,2(sp)
   0008 22                   73 	ld	(hl+),a
   0009 73                   74 	ld	(hl),e
                             75 ;	genAssign
                             76 ;	AOP_STK for 
   000A F8 09                77 	lda	hl,9(sp)
   000C 4E                   78 	ld	c,(hl)
   000D 23                   79 	inc	hl
   000E 46                   80 	ld	b,(hl)
                             81 ;	genLabel
   000F                      82 00101$:
                             83 ;	genAssign
                             84 ;	AOP_STK for _memset_sloc0_1_0
   000F F8 00                85 	lda	hl,0(sp)
   0011 71                   86 	ld	(hl),c
   0012 23                   87 	inc	hl
   0013 70                   88 	ld	(hl),b
                             89 ;	genMinus
   0014 0B                   90 	dec	bc
                             91 ;	genIfx
                             92 ;	AOP_STK for _memset_sloc0_1_0
   0015 2B                   93 	dec	hl
   0016 2A                   94 	ld	a,(hl+)
   0017 B6                   95 	or	a,(hl)
   0018 CAr2Ds00             96 	jp	z,00103$
                             97 ;	_memset.c 35
                             98 ;	genAssign (pointer)
                             99 ;	AOP_STK for _memset_ret_1_1
                            100 ;	AOP_STK for 
   001B 23                  101 	inc	hl
   001C 5E                  102 	ld	e,(hl)
   001D 23                  103 	inc	hl
   001E 56                  104 	ld	d,(hl)
   001F F8 08               105 	lda	hl,8(sp)
   0021 7E                  106 	ld	a,(hl)
   0022 12                  107 	ld	(de),a
                            108 ;	_memset.c 36
                            109 ;	genPlus
                            110 ;	AOP_STK for _memset_ret_1_1
                            111 ;	genPlusIncr
   0023 F8 02               112 	lda	hl,2(sp)
   0025 34                  113 	inc	(hl)
   0026 20 02               114 	jr	nz,00108$
   0028 23                  115 	inc	hl
   0029 34                  116 	inc	(hl)
   002A                     117 00108$:
                            118 ;	genGoto
   002A C3r0Fs00            119 	jp	00101$
                            120 ;	genLabel
   002D                     121 00103$:
                            122 ;	_memset.c 39
                            123 ;	genRet
                            124 ;	AOP_STK for 
   002D F8 06               125 	lda	hl,6(sp)
   002F 5E                  126 	ld	e,(hl)
   0030 23                  127 	inc	hl
   0031 56                  128 	ld	d,(hl)
                            129 ;	genLabel
   0032                     130 00104$:
                            131 ;	genEndFunction
   0032 E8 04               132 	lda	sp,4(sp)
   0034 C9                  133 	ret
   0035                     134 ___memset_end:
                            135 	.area _CODE
