                              1 ;--------------------------------------------------------
                              2 ; File Created by SDCC : FreeWare ANSI-C Compiler
                              3 ; Version 2.3.1 Fri Aug  4 01:27:50 2017
                              4 
                              5 ;--------------------------------------------------------
                              6 	.module _strncat
                              7 	
                              8 ;--------------------------------------------------------
                              9 ; Public variables in this module
                             10 ;--------------------------------------------------------
                             11 	.globl _strncat
                             12 ;--------------------------------------------------------
                             13 ; special function registers
                             14 ;--------------------------------------------------------
                             15 ;--------------------------------------------------------
                             16 ; special function bits 
                             17 ;--------------------------------------------------------
                             18 ;--------------------------------------------------------
                             19 ; internal ram data
                             20 ;--------------------------------------------------------
                             21 	.area _DATA
                             22 ;--------------------------------------------------------
                             23 ; overlayable items in internal ram 
                             24 ;--------------------------------------------------------
                             25 	.area _OVERLAY
                             26 ;--------------------------------------------------------
                             27 ; indirectly addressable internal ram data
                             28 ;--------------------------------------------------------
                             29 	.area _ISEG
                             30 ;--------------------------------------------------------
                             31 ; bit data
                             32 ;--------------------------------------------------------
                             33 	.area _BSEG
                             34 ;--------------------------------------------------------
                             35 ; external ram data
                             36 ;--------------------------------------------------------
                             37 	.area _XSEG
                             38 ;--------------------------------------------------------
                             39 ; global & static initialisations
                             40 ;--------------------------------------------------------
                             41 	.area _GSINIT
                             42 	.area _GSFINAL
                             43 	.area _GSINIT
                             44 ;--------------------------------------------------------
                             45 ; Home
                             46 ;--------------------------------------------------------
                             47 	.area _HOME
                             48 	.area _CODE
                             49 ;--------------------------------------------------------
                             50 ; code
                             51 ;--------------------------------------------------------
                             52 	.area _CODE
                             53 ;	_strncat.c 27
                             54 ;	genLabel
                             55 ;	genFunction
                             56 ;	---------------------------------
                             57 ; Function strncat
                             58 ; ---------------------------------
   0000                      59 ___strncat_start:
   0000                      60 _strncat:
   0000 E8 FD                61 	lda	sp,-3(sp)
                             62 ;	_strncat.c 33
                             63 ;	genAssign
                             64 ;	AOP_STK for 
                             65 ;	AOP_STK for _strncat_start_1_1
   0002 F8 05                66 	lda	hl,5(sp)
   0004 2A                   67 	ld	a,(hl+)
   0005 5E                   68 	ld	e,(hl)
   0006 F8 01                69 	lda	hl,1(sp)
   0008 22                   70 	ld	(hl+),a
   0009 73                   71 	ld	(hl),e
                             72 ;	_strncat.c 35
                             73 ;	genLabel
   000A                      74 00101$:
                             75 ;	genAssign
                             76 ;	AOP_STK for 
   000A F8 05                77 	lda	hl,5(sp)
   000C 4E                   78 	ld	c,(hl)
   000D 23                   79 	inc	hl
   000E 46                   80 	ld	b,(hl)
                             81 ;	genPointerGet
                             82 ;	AOP_STK for _strncat_sloc0_1_0
   000F 0A                   83 	ld	a,(bc)
   0010 F8 00                84 	lda	hl,0(sp)
   0012 77                   85 	ld	(hl),a
                             86 ;	genPlus
                             87 ;	genPlusIncr
   0013 03                   88 	inc	bc
                             89 ;	genAssign
                             90 ;	AOP_STK for 
   0014 F8 05                91 	lda	hl,5(sp)
   0016 71                   92 	ld	(hl),c
   0017 23                   93 	inc	hl
   0018 70                   94 	ld	(hl),b
                             95 ;	genIfx
                             96 ;	AOP_STK for _strncat_sloc0_1_0
   0019 AF                   97 	xor	a,a
   001A F8 00                98 	lda	hl,0(sp)
   001C B6                   99 	or	a,(hl)
   001D C2r0As00            100 	jp	nz,00101$
                            101 ;	_strncat.c 37
                            102 ;	genMinus
                            103 ;	AOP_STK for 
                            104 ; Removed redundent load
                            105 ; Removed redundent load
   0020 11 01 00            106 	ld	de,#0x0001
   0023 79                  107 	ld	a,c
   0024 93                  108 	sub	a,e
   0025 5F                  109 	ld	e,a
   0026 78                  110 	ld	a,b
   0027 9A                  111 	sbc	a,d
   0028 F8 06               112 	lda	hl,6(sp)
   002A 32                  113 	ld      (hl-),a
   002B 73                  114 	ld	(hl),e
                            115 ;	genAssign
                            116 ;	(operands are equal 4)
                            117 ;	_strncat.c 39
                            118 ;	genAssign
                            119 ;	(operands are equal 3)
                            120 ;	genAssign
                            121 ;	AOP_STK for 
                            122 ;	(registers are the same)
                            123 ;	genAssign
                            124 ;	(operands are equal 3)
                            125 ;	genLabel
   002C                     126 00106$:
                            127 ;	genAssign
                            128 ;	AOP_STK for 
   002C F8 09               129 	lda	hl,9(sp)
   002E 4E                  130 	ld	c,(hl)
   002F 23                  131 	inc	hl
   0030 46                  132 	ld	b,(hl)
                            133 ;	genMinus
                            134 ;	AOP_STK for 
   0031 2B                  135 	dec	hl
   0032 5E                  136 	ld	e,(hl)
   0033 23                  137 	inc	hl
   0034 56                  138 	ld	d,(hl)
   0035 1B                  139 	dec	de
   0036 2B                  140 	dec	hl
   0037 73                  141 	ld	(hl),e
   0038 23                  142 	inc	hl
   0039 72                  143 	ld	(hl),d
                            144 ;	genIfx
   003A 79                  145 	ld	a,c
   003B B0                  146 	or	a,b
   003C CAr66s00            147 	jp	z,00108$
                            148 ;	_strncat.c 40
                            149 ;	genPointerGet
                            150 ;	AOP_STK for 
   003F F8 07               151 	lda	hl,7(sp)
   0041 5E                  152 	ld	e,(hl)
   0042 23                  153 	inc	hl
   0043 56                  154 	ld	d,(hl)
   0044 1A                  155 	ld	a,(de)
   0045 4F                  156 	ld	c,a
                            157 ;	genPlus
                            158 ;	AOP_STK for 
                            159 ;	genPlusIncr
   0046 2B                  160 	dec	hl
   0047 34                  161 	inc	(hl)
   0048 20 02               162 	jr	nz,00116$
   004A 23                  163 	inc	hl
   004B 34                  164 	inc	(hl)
   004C                     165 00116$:
                            166 ;	genAssign (pointer)
                            167 ;	AOP_STK for 
   004C F8 05               168 	lda	hl,5(sp)
   004E 5E                  169 	ld	e,(hl)
   004F 23                  170 	inc	hl
   0050 56                  171 	ld	d,(hl)
   0051 79                  172 	ld	a,c
   0052 12                  173 	ld	(de),a
                            174 ;	genPlus
                            175 ;	AOP_STK for 
                            176 ;	genPlusIncr
   0053 2B                  177 	dec	hl
   0054 34                  178 	inc	(hl)
   0055 20 02               179 	jr	nz,00117$
   0057 23                  180 	inc	hl
   0058 34                  181 	inc	(hl)
   0059                     182 00117$:
                            183 ;	genAssign
                            184 ;	(operands are equal 4)
                            185 ;	genIfx
   0059 AF                  186 	xor	a,a
   005A B1                  187 	or	a,c
   005B C2r2Cs00            188 	jp	nz,00106$
                            189 ;	_strncat.c 41
                            190 ;	genRet
                            191 ;	AOP_STK for _strncat_start_1_1
   005E F8 01               192 	lda	hl,1(sp)
   0060 5E                  193 	ld	e,(hl)
   0061 23                  194 	inc	hl
   0062 56                  195 	ld	d,(hl)
   0063 C3r73s00            196 	jp	00109$
                            197 ;	genLabel
   0066                     198 00108$:
                            199 ;	_strncat.c 43
                            200 ;	genAssign
                            201 ;	AOP_STK for 
   0066 F8 05               202 	lda	hl,5(sp)
   0068 4E                  203 	ld	c,(hl)
   0069 23                  204 	inc	hl
   006A 46                  205 	ld	b,(hl)
                            206 ;	genAssign (pointer)
   006B 3E 00               207 	ld	a,#0x00
   006D 02                  208 	ld	(bc),a
                            209 ;	_strncat.c 44
                            210 ;	genRet
                            211 ;	AOP_STK for _strncat_start_1_1
   006E F8 01               212 	lda	hl,1(sp)
   0070 5E                  213 	ld	e,(hl)
   0071 23                  214 	inc	hl
   0072 56                  215 	ld	d,(hl)
                            216 ;	genLabel
   0073                     217 00109$:
                            218 ;	genEndFunction
   0073 E8 03               219 	lda	sp,3(sp)
   0075 C9                  220 	ret
   0076                     221 ___strncat_end:
                            222 	.area _CODE
