                              1 ;--------------------------------------------------------
                              2 ; File Created by SDCC : FreeWare ANSI-C Compiler
                              3 ; Version 2.3.1 Fri Aug  4 01:27:50 2017
                              4 
                              5 ;--------------------------------------------------------
                              6 	.module _strcspn
                              7 	
                              8 ;--------------------------------------------------------
                              9 ; Public variables in this module
                             10 ;--------------------------------------------------------
                             11 	.globl _strcspn
                             12 ;--------------------------------------------------------
                             13 ; special function registers
                             14 ;--------------------------------------------------------
                             15 ;--------------------------------------------------------
                             16 ; special function bits 
                             17 ;--------------------------------------------------------
                             18 ;--------------------------------------------------------
                             19 ; internal ram data
                             20 ;--------------------------------------------------------
                             21 	.area _DATA
                             22 ;--------------------------------------------------------
                             23 ; overlayable items in internal ram 
                             24 ;--------------------------------------------------------
                             25 	.area _OVERLAY
                             26 ;--------------------------------------------------------
                             27 ; indirectly addressable internal ram data
                             28 ;--------------------------------------------------------
                             29 	.area _ISEG
                             30 ;--------------------------------------------------------
                             31 ; bit data
                             32 ;--------------------------------------------------------
                             33 	.area _BSEG
                             34 ;--------------------------------------------------------
                             35 ; external ram data
                             36 ;--------------------------------------------------------
                             37 	.area _XSEG
                             38 ;--------------------------------------------------------
                             39 ; global & static initialisations
                             40 ;--------------------------------------------------------
                             41 	.area _GSINIT
                             42 	.area _GSFINAL
                             43 	.area _GSINIT
                             44 ;--------------------------------------------------------
                             45 ; Home
                             46 ;--------------------------------------------------------
                             47 	.area _HOME
                             48 	.area _CODE
                             49 ;--------------------------------------------------------
                             50 ; code
                             51 ;--------------------------------------------------------
                             52 	.area _CODE
                             53 ;	_strcspn.c 27
                             54 ;	genLabel
                             55 ;	genFunction
                             56 ;	---------------------------------
                             57 ; Function strcspn
                             58 ; ---------------------------------
   0000                      59 ___strcspn_start:
   0000                      60 _strcspn:
   0000 E8 FC                61 	lda	sp,-4(sp)
                             62 ;	_strcspn.c 35
                             63 ;	genAssign
                             64 ;	AOP_STK for 
                             65 ;	AOP_STK for _strcspn_sloc0_1_0
   0002 F8 06                66 	lda	hl,6(sp)
   0004 2A                   67 	ld	a,(hl+)
   0005 5E                   68 	ld	e,(hl)
   0006 F8 00                69 	lda	hl,0(sp)
   0008 22                   70 	ld	(hl+),a
   0009 73                   71 	ld	(hl),e
                             72 ;	genAssign
                             73 ;	AOP_STK for _strcspn_count_1_1
   000A 23                   74 	inc	hl
   000B 36 00                75 	ld	(hl),#0x00
   000D 23                   76 	inc	hl
   000E 36 00                77 	ld	(hl),#0x00
                             78 ;	genLabel
   0010                      79 00104$:
                             80 ;	genPointerGet
                             81 ;	AOP_STK for _strcspn_sloc0_1_0
   0010 F8 00                82 	lda	hl,0(sp)
   0012 5E                   83 	ld	e,(hl)
   0013 23                   84 	inc	hl
   0014 56                   85 	ld	d,(hl)
   0015 1A                   86 	ld	a,(de)
   0016 4F                   87 	ld	c,a
                             88 ;	genAssign
   0017 41                   89 	ld	b,c
                             90 ;	genIfx
   0018 AF                   91 	xor	a,a
   0019 B1                   92 	or	a,c
   001A CAr3Cs00             93 	jp	z,00106$
                             94 ;	_strcspn.c 36
                             95 ;	genIpush
                             96 ; _saveRegsForCall: sendSetSize: 0 deInUse: 0 bcInUse: 0 deSending: 0
   001D 78                   97 	ld	a,b
   001E F5                   98 	push	af
   001F 33                   99 	inc	sp
                            100 ;	genIpush
                            101 ;	AOP_STK for 
   0020 F8 09               102 	lda	hl,9(sp)
   0022 2A                  103 	ld	a,(hl+)
   0023 66                  104 	ld	h,(hl)
   0024 6F                  105 	ld	l,a
   0025 E5                  106 	push	hl
                            107 ;	genCall
   0026 CDr00s00            108 	call	_strchr
   0029 42                  109 	ld	b,d
   002A 4B                  110 	ld	c,e
   002B E8 03               111 	lda	sp,3(sp)
                            112 ;	genIfx
   002D 79                  113 	ld	a,c
   002E B0                  114 	or	a,b
   002F C2r3Cs00            115 	jp	nz,00106$
                            116 ;	_strcspn.c 39
                            117 ;	genPlus
                            118 ;	AOP_STK for _strcspn_count_1_1
                            119 ;	genPlusIncr
   0032 F8 02               120 	lda	hl,2(sp)
   0034 34                  121 	inc	(hl)
   0035 20 02               122 	jr	nz,00112$
   0037 23                  123 	inc	hl
   0038 34                  124 	inc	(hl)
   0039                     125 00112$:
                            126 ;	genGoto
   0039 C3r10s00            127 	jp	00104$
                            128 ;	genLabel
   003C                     129 00106$:
                            130 ;	_strcspn.c 42
                            131 ;	genRet
                            132 ;	AOP_STK for _strcspn_count_1_1
   003C F8 02               133 	lda	hl,2(sp)
   003E 5E                  134 	ld	e,(hl)
   003F 23                  135 	inc	hl
   0040 56                  136 	ld	d,(hl)
                            137 ;	genLabel
   0041                     138 00107$:
                            139 ;	genEndFunction
   0041 E8 04               140 	lda	sp,4(sp)
   0043 C9                  141 	ret
   0044                     142 ___strcspn_end:
                            143 	.area _CODE
