                              1 ;--------------------------------------------------------
                              2 ; File Created by SDCC : FreeWare ANSI-C Compiler
                              3 ; Version 2.3.1 Fri Aug  4 01:27:49 2017
                              4 
                              5 ;--------------------------------------------------------
                              6 	.module _strcmp
                              7 	
                              8 ;--------------------------------------------------------
                              9 ; Public variables in this module
                             10 ;--------------------------------------------------------
                             11 	.globl _strcmp
                             12 ;--------------------------------------------------------
                             13 ; special function registers
                             14 ;--------------------------------------------------------
                             15 ;--------------------------------------------------------
                             16 ; special function bits 
                             17 ;--------------------------------------------------------
                             18 ;--------------------------------------------------------
                             19 ; internal ram data
                             20 ;--------------------------------------------------------
                             21 	.area _DATA
                             22 ;--------------------------------------------------------
                             23 ; overlayable items in internal ram 
                             24 ;--------------------------------------------------------
                             25 	.area _OVERLAY
                             26 ;--------------------------------------------------------
                             27 ; indirectly addressable internal ram data
                             28 ;--------------------------------------------------------
                             29 	.area _ISEG
                             30 ;--------------------------------------------------------
                             31 ; bit data
                             32 ;--------------------------------------------------------
                             33 	.area _BSEG
                             34 ;--------------------------------------------------------
                             35 ; external ram data
                             36 ;--------------------------------------------------------
                             37 	.area _XSEG
                             38 ;--------------------------------------------------------
                             39 ; global & static initialisations
                             40 ;--------------------------------------------------------
                             41 	.area _GSINIT
                             42 	.area _GSFINAL
                             43 	.area _GSINIT
                             44 ;--------------------------------------------------------
                             45 ; Home
                             46 ;--------------------------------------------------------
                             47 	.area _HOME
                             48 	.area _CODE
                             49 ;--------------------------------------------------------
                             50 ; code
                             51 ;--------------------------------------------------------
                             52 	.area _CODE
                             53 ;	_strcmp.c 31
                             54 ;	genLabel
                             55 ;	genFunction
                             56 ;	---------------------------------
                             57 ; Function strcmp
                             58 ; ---------------------------------
   0000                      59 ___strcmp_start:
   0000                      60 _strcmp:
   0000 E8 FC                61 	lda	sp,-4(sp)
                             62 ;	_strcmp.c 40
                             63 ;	genAssign
                             64 ;	AOP_STK for 
                             65 ;	AOP_STK for _strcmp_src_1_1
   0002 F8 06                66 	lda	hl,6(sp)
   0004 2A                   67 	ld	a,(hl+)
   0005 5E                   68 	ld	e,(hl)
   0006 F8 02                69 	lda	hl,2(sp)
   0008 22                   70 	ld	(hl+),a
   0009 73                   71 	ld	(hl),e
                             72 ;	_strcmp.c 41
                             73 ;	genAssign
                             74 ;	AOP_STK for 
                             75 ;	AOP_STK for _strcmp_dst_1_1
   000A F8 08                76 	lda	hl,8(sp)
   000C 2A                   77 	ld	a,(hl+)
   000D 5E                   78 	ld	e,(hl)
   000E F8 00                79 	lda	hl,0(sp)
   0010 22                   80 	ld	(hl+),a
   0011 73                   81 	ld	(hl),e
                             82 ;	_strcmp.c 43
                             83 ;	genLabel
   0012                      84 00102$:
                             85 ;	genPointerGet
                             86 ;	AOP_STK for _strcmp_src_1_1
   0012 F8 02                87 	lda	hl,2(sp)
   0014 5E                   88 	ld	e,(hl)
   0015 23                   89 	inc	hl
   0016 56                   90 	ld	d,(hl)
   0017 1A                   91 	ld	a,(de)
   0018 4F                   92 	ld	c,a
                             93 ;	genPointerGet
                             94 ;	AOP_STK for _strcmp_dst_1_1
   0019 F8 00                95 	lda	hl,0(sp)
   001B 5E                   96 	ld	e,(hl)
   001C 23                   97 	inc	hl
   001D 56                   98 	ld	d,(hl)
   001E 1A                   99 	ld	a,(de)
   001F 47                  100 	ld	b,a
                            101 ;	genMinus
   0020 79                  102 	ld	a,c
   0021 90                  103 	sub	a,b
   0022 4F                  104 	ld	c,a
                            105 ;	genIfx
                            106 ;	genIfx
   0023 AF                  107 	xor	a,a
   0024 B1                  108 	or	a,c
   0025 C2r3Cs00            109 	jp	nz,00104$
   0028 B0                  110 	or	a,b
   0029 CAr3Cs00            111 	jp	z,00104$
                            112 ;	_strcmp.c 44
                            113 ;	genPlus
                            114 ;	AOP_STK for _strcmp_src_1_1
                            115 ;	genPlusIncr
   002C 23                  116 	inc	hl
   002D 34                  117 	inc	(hl)
   002E 20 02               118 	jr	nz,00110$
   0030 23                  119 	inc	hl
   0031 34                  120 	inc	(hl)
   0032                     121 00110$:
                            122 ;	genPlus
                            123 ;	AOP_STK for _strcmp_dst_1_1
                            124 ;	genPlusIncr
   0032 F8 00               125 	lda	hl,0(sp)
   0034 34                  126 	inc	(hl)
   0035 20 02               127 	jr	nz,00111$
   0037 23                  128 	inc	hl
   0038 34                  129 	inc	(hl)
   0039                     130 00111$:
                            131 ;	genGoto
   0039 C3r12s00            132 	jp	00102$
                            133 ;	genLabel
   003C                     134 00104$:
                            135 ;	_strcmp.c 46
                            136 ;	genCast
                            137 ; Removed redundent load
   003C 79                  138 	ld	a,c
   003D 17                  139 	rla	
   003E 9F                  140 	sbc	a,a
   003F 47                  141 	ld	b,a
                            142 ;	genRet
   0040 59                  143 	ld	e,c
   0041 50                  144 	ld	d,b
                            145 ;	genLabel
   0042                     146 00105$:
                            147 ;	genEndFunction
   0042 E8 04               148 	lda	sp,4(sp)
   0044 C9                  149 	ret
   0045                     150 ___strcmp_end:
                            151 	.area _CODE
