                              1 ;--------------------------------------------------------
                              2 ; File Created by SDCC : FreeWare ANSI-C Compiler
                              3 ; Version 2.3.1 Fri Aug  4 01:27:50 2017
                              4 
                              5 ;--------------------------------------------------------
                              6 	.module _strpbrk
                              7 	
                              8 ;--------------------------------------------------------
                              9 ; Public variables in this module
                             10 ;--------------------------------------------------------
                             11 	.globl _strpbrk
                             12 ;--------------------------------------------------------
                             13 ; special function registers
                             14 ;--------------------------------------------------------
                             15 ;--------------------------------------------------------
                             16 ; special function bits 
                             17 ;--------------------------------------------------------
                             18 ;--------------------------------------------------------
                             19 ; internal ram data
                             20 ;--------------------------------------------------------
                             21 	.area _DATA
                             22 ;--------------------------------------------------------
                             23 ; overlayable items in internal ram 
                             24 ;--------------------------------------------------------
                             25 	.area _OVERLAY
                             26 ;--------------------------------------------------------
                             27 ; indirectly addressable internal ram data
                             28 ;--------------------------------------------------------
                             29 	.area _ISEG
                             30 ;--------------------------------------------------------
                             31 ; bit data
                             32 ;--------------------------------------------------------
                             33 	.area _BSEG
                             34 ;--------------------------------------------------------
                             35 ; external ram data
                             36 ;--------------------------------------------------------
                             37 	.area _XSEG
                             38 ;--------------------------------------------------------
                             39 ; global & static initialisations
                             40 ;--------------------------------------------------------
                             41 	.area _GSINIT
                             42 	.area _GSFINAL
                             43 	.area _GSINIT
                             44 ;--------------------------------------------------------
                             45 ; Home
                             46 ;--------------------------------------------------------
                             47 	.area _HOME
                             48 	.area _CODE
                             49 ;--------------------------------------------------------
                             50 ; code
                             51 ;--------------------------------------------------------
                             52 	.area _CODE
                             53 ;	_strpbrk.c 27
                             54 ;	genLabel
                             55 ;	genFunction
                             56 ;	---------------------------------
                             57 ; Function strpbrk
                             58 ; ---------------------------------
   0000                      59 ___strpbrk_start:
   0000                      60 _strpbrk:
   0000 E8 FD                61 	lda	sp,-3(sp)
                             62 ;	_strpbrk.c 34
                             63 ;	genAssign
                             64 ;	AOP_STK for 
   0002 F8 05                65 	lda	hl,5(sp)
   0004 4E                   66 	ld	c,(hl)
   0005 23                   67 	inc	hl
   0006 46                   68 	ld	b,(hl)
                             69 ;	genLabel
   0007                      70 00103$:
                             71 ;	genPointerGet
                             72 ;	AOP_STK for _strpbrk_ch_1_1
   0007 0A                   73 	ld	a,(bc)
   0008 F8 02                74 	lda	hl,2(sp)
   000A 77                   75 	ld	(hl),a
                             76 ;	genAssign
                             77 ;	AOP_STK for _strpbrk_ch_1_1
                             78 ;	(registers are the same)
                             79 ;	genIfx
                             80 ;	AOP_STK for _strpbrk_ch_1_1
   000B AF                   81 	xor	a,a
   000C B6                   82 	or	a,(hl)
   000D CAr31s00             83 	jp	z,00105$
                             84 ;	_strpbrk.c 35
                             85 ;	genIpush
                             86 ; _saveRegsForCall: sendSetSize: 0 deInUse: 0 bcInUse: 1 deSending: 0
   0010 C5                   87 	push	bc
                             88 ;	AOP_STK for _strpbrk_ch_1_1
   0011 7E                   89 	ld	a,(hl)
   0012 F5                   90 	push	af
   0013 33                   91 	inc	sp
                             92 ;	genIpush
                             93 ;	AOP_STK for 
   0014 F8 0A                94 	lda	hl,10(sp)
   0016 2A                   95 	ld	a,(hl+)
   0017 66                   96 	ld	h,(hl)
   0018 6F                   97 	ld	l,a
   0019 E5                   98 	push	hl
                             99 ;	genCall
   001A CDr00s00            100 	call	_strchr
                            101 ;	AOP_STK for _strpbrk_sloc0_1_0
   001D F8 06               102 	lda	hl,6(sp)
   001F 72                  103 	ld	(hl),d
   0020 2B                  104 	dec	hl
   0021 73                  105 	ld	(hl),e
   0022 E8 03               106 	lda	sp,3(sp)
   0024 C1                  107 	pop	bc
                            108 ;	genIfx
                            109 ;	AOP_STK for _strpbrk_sloc0_1_0
   0025 F8 00               110 	lda	hl,0(sp)
   0027 2A                  111 	ld	a,(hl+)
   0028 B6                  112 	or	a,(hl)
   0029 CAr07s00            113 	jp	z,00103$
                            114 ;	_strpbrk.c 36
                            115 ;	genRet
   002C 59                  116 	ld	e,c
   002D 50                  117 	ld	d,b
   002E C3r34s00            118 	jp	00106$
                            119 ;	genLabel
   0031                     120 00105$:
                            121 ;	_strpbrk.c 39
                            122 ;	genRet
   0031 11 00 00            123 	ld	de,#0x0000
                            124 ;	genLabel
   0034                     125 00106$:
                            126 ;	genEndFunction
   0034 E8 03               127 	lda	sp,3(sp)
   0036 C9                  128 	ret
   0037                     129 ___strpbrk_end:
                            130 	.area _CODE
