                              1 ;--------------------------------------------------------
                              2 ; File Created by SDCC : FreeWare ANSI-C Compiler
                              3 ; Version 2.3.1 Fri Aug  4 01:27:51 2017
                              4 
                              5 ;--------------------------------------------------------
                              6 	.module assert
                              7 	
                              8 ;--------------------------------------------------------
                              9 ; Public variables in this module
                             10 ;--------------------------------------------------------
                             11 	.globl __assert
                             12 ;--------------------------------------------------------
                             13 ; special function registers
                             14 ;--------------------------------------------------------
                             15 ;--------------------------------------------------------
                             16 ; special function bits 
                             17 ;--------------------------------------------------------
                             18 ;--------------------------------------------------------
                             19 ; internal ram data
                             20 ;--------------------------------------------------------
                             21 	.area _DATA
                             22 ;--------------------------------------------------------
                             23 ; overlayable items in internal ram 
                             24 ;--------------------------------------------------------
                             25 	.area _OVERLAY
                             26 ;--------------------------------------------------------
                             27 ; indirectly addressable internal ram data
                             28 ;--------------------------------------------------------
                             29 	.area _ISEG
                             30 ;--------------------------------------------------------
                             31 ; bit data
                             32 ;--------------------------------------------------------
                             33 	.area _BSEG
                             34 ;--------------------------------------------------------
                             35 ; external ram data
                             36 ;--------------------------------------------------------
                             37 	.area _XSEG
                             38 ;--------------------------------------------------------
                             39 ; global & static initialisations
                             40 ;--------------------------------------------------------
                             41 	.area _GSINIT
                             42 	.area _GSFINAL
                             43 	.area _GSINIT
                             44 ;--------------------------------------------------------
                             45 ; Home
                             46 ;--------------------------------------------------------
                             47 	.area _HOME
                             48 	.area _CODE
                             49 ;--------------------------------------------------------
                             50 ; code
                             51 ;--------------------------------------------------------
                             52 	.area _CODE
                             53 ;	assert.c 4
                             54 ;	genLabel
                             55 ;	genFunction
                             56 ;	---------------------------------
                             57 ; Function _assert
                             58 ; ---------------------------------
   0000                      59 ____assert_start:
   0000                      60 __assert:
                             61 	
                             62 ;	assert.c 6
                             63 ;	genIpush
                             64 ; _saveRegsForCall: sendSetSize: 0 deInUse: 0 bcInUse: 0 deSending: 0
                             65 ;	AOP_STK for 
   0000 F8 04                66 	lda	hl,4(sp)
   0002 2A                   67 	ld	a,(hl+)
   0003 66                   68 	ld	h,(hl)
   0004 6F                   69 	ld	l,a
   0005 E5                   70 	push	hl
                             71 ;	genIpush
                             72 ;	AOP_STK for 
   0006 F8 08                73 	lda	hl,8(sp)
   0008 2A                   74 	ld	a,(hl+)
   0009 66                   75 	ld	h,(hl)
   000A 6F                   76 	ld	l,a
   000B E5                   77 	push	hl
                             78 ;	genIpush
                             79 ;	AOP_STK for 
   000C F8 06                80 	lda	hl,6(sp)
   000E 2A                   81 	ld	a,(hl+)
   000F 66                   82 	ld	h,(hl)
   0010 6F                   83 	ld	l,a
   0011 E5                   84 	push	hl
                             85 ;	genIpush
   0012 21r1Fs00             86 	ld	hl,#__str_0
   0015 E5                   87 	push	hl
                             88 ;	genCall
   0016 CDr00s00             89 	call	_printf
   0019 E8 08                90 	lda	sp,8(sp)
                             91 ;	assert.c 8
                             92 ;	genLabel
   001B                      93 00102$:
                             94 ;	genGoto
   001B C3r1Bs00             95 	jp	00102$
                             96 ;	genLabel
   001E                      97 00104$:
                             98 ;	genEndFunction
                             99 	
   001E C9                  100 	ret
   001F                     101 ____assert_end:
   001F                     102 __str_0:
   001F 41 73 73 65 72 74   103 	.ascii "Assert(%s) failed at line %u in file %s."
        28 25 73 29 20 66
        61 69 6C 65 64 20
        61 74 20 6C 69 6E
        65 20 25 75 20 69
        6E 20 66 69 6C 65
        20 25 73 2E
   0047 0A                  104 	.db 0x0A
   0048 00                  105 	.db 0x00
                            106 	.area _CODE
