                              1 ;--------------------------------------------------------
                              2 ; File Created by SDCC : FreeWare ANSI-C Compiler
                              3 ; Version 2.3.1 Fri Aug  4 01:27:53 2017
                              4 
                              5 ;--------------------------------------------------------
                              6 	.module printf
                              7 	
                              8 ;--------------------------------------------------------
                              9 ; Public variables in this module
                             10 ;--------------------------------------------------------
                             11 	.globl __char_emitter
                             12 	.globl __printf
                             13 	.globl __printn
                             14 	.globl _printf
                             15 ;--------------------------------------------------------
                             16 ; special function registers
                             17 ;--------------------------------------------------------
                             18 ;--------------------------------------------------------
                             19 ; special function bits 
                             20 ;--------------------------------------------------------
                             21 ;--------------------------------------------------------
                             22 ; internal ram data
                             23 ;--------------------------------------------------------
                             24 	.area _DATA
                             25 ;--------------------------------------------------------
                             26 ; overlayable items in internal ram 
                             27 ;--------------------------------------------------------
                             28 	.area _OVERLAY
                             29 ;--------------------------------------------------------
                             30 ; indirectly addressable internal ram data
                             31 ;--------------------------------------------------------
                             32 	.area _ISEG
                             33 ;--------------------------------------------------------
                             34 ; bit data
                             35 ;--------------------------------------------------------
                             36 	.area _BSEG
                             37 ;--------------------------------------------------------
                             38 ; external ram data
                             39 ;--------------------------------------------------------
                             40 	.area _XSEG
                             41 ;--------------------------------------------------------
                             42 ; global & static initialisations
                             43 ;--------------------------------------------------------
                             44 	.area _GSINIT
                             45 	.area _GSFINAL
                             46 	.area _GSINIT
                             47 ;--------------------------------------------------------
                             48 ; Home
                             49 ;--------------------------------------------------------
                             50 	.area _HOME
                             51 	.area _CODE
                             52 ;--------------------------------------------------------
                             53 ; code
                             54 ;--------------------------------------------------------
                             55 	.area _CODE
                             56 ;	printf.c 13
                             57 ;	genLabel
                             58 ;	genFunction
                             59 ;	---------------------------------
                             60 ; Function _printn
                             61 ; ---------------------------------
   0000                      62 ____printn_start:
   0000                      63 __printn:
   0000 E8 FC                64 	lda	sp,-4(sp)
                             65 ;	printf.c 15
                             66 ;	printf.c 16
                             67 ;	genIfx
                             68 ;	AOP_STK for 
   0002 AF                   69 	xor	a,a
   0003 F8 0A                70 	lda	hl,10(sp)
   0005 B6                   71 	or	a,(hl)
   0006 CAr3Bs00             72 	jp	z,00102$
                             73 ;	genAssign
                             74 ;	AOP_STK for 
   0009 F8 06                75 	lda	hl,6(sp)
   000B 4E                   76 	ld	c,(hl)
   000C 23                   77 	inc	hl
   000D 46                   78 	ld	b,(hl)
                             79 ;	genCmpLt
   000E 78                   80 	ld	a,b
   000F CB 7F                81 	bit	7,a
   0011 CAr3Bs00             82 	jp	z,00102$
                             83 ;	printf.c 17
                             84 ;	genAssign
                             85 ;	AOP_STK for 
   0014 F8 0B                86 	lda	hl,11(sp)
   0016 4E                   87 	ld	c,(hl)
   0017 23                   88 	inc	hl
   0018 46                   89 	ld	b,(hl)
                             90 ;	genIpush
                             91 ; _saveRegsForCall: sendSetSize: 0 deInUse: 0 bcInUse: 0 deSending: 0
                             92 ;	AOP_STK for 
   0019 23                   93 	inc	hl
   001A 2A                   94 	ld	a,(hl+)
   001B 66                   95 	ld	h,(hl)
   001C 6F                   96 	ld	l,a
   001D E5                   97 	push	hl
                             98 ;	genIpush
   001E 3E 2D                99 	ld	a,#0x2D
   0020 F5                  100 	push	af
   0021 33                  101 	inc	sp
                            102 ;	genPcall
   0022 21r29s00            103 	ld	hl,#00111$
   0025 E5                  104 	push	hl
   0026 69                  105 	ld	l,c
   0027 60                  106 	ld	h,b
   0028 E9                  107 	jp	(hl)
   0029                     108 00111$:
   0029 E8 03               109 	lda	sp,3(sp)
                            110 ;	printf.c 18
                            111 ;	genAssign
                            112 ;	AOP_STK for 
   002B F8 06               113 	lda	hl,6(sp)
   002D 4E                  114 	ld	c,(hl)
   002E 23                  115 	inc	hl
   002F 46                  116 	ld	b,(hl)
                            117 ;	genUminus
   0030 AF                  118 	xor     a,a
   0031 99                  119 	sbc	a,c
   0032 4F                  120 	ld	c,a
   0033 3E 00               121 	ld	a,#0x00
   0035 98                  122 	sbc	a,b
   0036 47                  123 	ld	b,a
                            124 ;	genAssign
                            125 ;	AOP_STK for 
   0037 2B                  126 	dec	hl
   0038 71                  127 	ld	(hl),c
   0039 23                  128 	inc	hl
   003A 70                  129 	ld	(hl),b
                            130 ;	genLabel
   003B                     131 00102$:
                            132 ;	printf.c 20
                            133 ;	genCmpLt
                            134 ;	AOP_STK for 
                            135 ;	AOP_STK for 
   003B F8 06               136 	lda	hl,6(sp)
   003D 2A                  137 	ld	a,(hl+)
   003E 23                  138 	inc	hl
   003F 96                  139 	sub	a,(hl)
   0040 2B                  140 	dec	hl
   0041 2A                  141 	ld	a,(hl+)
   0042 23                  142 	inc	hl
   0043 9E                  143 	sbc	a,(hl)
   0044 DAr75s00            144 	jp	c,00105$
                            145 ;	printf.c 21
                            146 ;	genIpush
                            147 ; _saveRegsForCall: sendSetSize: 0 deInUse: 0 bcInUse: 0 deSending: 0
                            148 ;	AOP_STK for 
   0047 2B                  149 	dec	hl
   0048 2A                  150 	ld	a,(hl+)
   0049 66                  151 	ld	h,(hl)
   004A 6F                  152 	ld	l,a
   004B E5                  153 	push	hl
                            154 ;	genIpush
                            155 ;	AOP_STK for 
   004C F8 08               156 	lda	hl,8(sp)
   004E 2A                  157 	ld	a,(hl+)
   004F 66                  158 	ld	h,(hl)
   0050 6F                  159 	ld	l,a
   0051 E5                  160 	push	hl
                            161 ;	genCall
   0052 CDr00s00            162 	call	__divuint_rrx_s
   0055 42                  163 	ld	b,d
   0056 4B                  164 	ld	c,e
   0057 E8 04               165 	lda	sp,4(sp)
                            166 ;	genIpush
                            167 ; _saveRegsForCall: sendSetSize: 0 deInUse: 0 bcInUse: 0 deSending: 0
                            168 ;	AOP_STK for 
   0059 F8 0D               169 	lda	hl,13(sp)
   005B 2A                  170 	ld	a,(hl+)
   005C 66                  171 	ld	h,(hl)
   005D 6F                  172 	ld	l,a
   005E E5                  173 	push	hl
                            174 ;	genIpush
                            175 ;	AOP_STK for 
   005F F8 0D               176 	lda	hl,13(sp)
   0061 2A                  177 	ld	a,(hl+)
   0062 66                  178 	ld	h,(hl)
   0063 6F                  179 	ld	l,a
   0064 E5                  180 	push	hl
                            181 ;	genIpush
   0065 3E 00               182 	ld	a,#0x00
   0067 F5                  183 	push	af
   0068 33                  184 	inc	sp
                            185 ;	genIpush
                            186 ;	AOP_STK for 
   0069 F8 0D               187 	lda	hl,13(sp)
   006B 2A                  188 	ld	a,(hl+)
   006C 66                  189 	ld	h,(hl)
   006D 6F                  190 	ld	l,a
   006E E5                  191 	push	hl
                            192 ;	genIpush
   006F C5                  193 	push	bc
                            194 ;	genCall
   0070 CDr00s00            195 	call	__printn
   0073 E8 09               196 	lda	sp,9(sp)
                            197 ;	genLabel
   0075                     198 00105$:
                            199 ;	printf.c 22
                            200 ;	genAssign
                            201 ;	AOP_STK for 
   0075 F8 0B               202 	lda	hl,11(sp)
   0077 4E                  203 	ld	c,(hl)
   0078 23                  204 	inc	hl
   0079 46                  205 	ld	b,(hl)
                            206 ;	genIpush
                            207 ; _saveRegsForCall: sendSetSize: 0 deInUse: 0 bcInUse: 1 deSending: 0
   007A C5                  208 	push	bc
                            209 ;	AOP_STK for 
   007B F8 0A               210 	lda	hl,10(sp)
   007D 2A                  211 	ld	a,(hl+)
   007E 66                  212 	ld	h,(hl)
   007F 6F                  213 	ld	l,a
   0080 E5                  214 	push	hl
                            215 ;	genIpush
                            216 ;	AOP_STK for 
   0081 F8 0A               217 	lda	hl,10(sp)
   0083 2A                  218 	ld	a,(hl+)
   0084 66                  219 	ld	h,(hl)
   0085 6F                  220 	ld	l,a
   0086 E5                  221 	push	hl
                            222 ;	genCall
   0087 CDr00s00            223 	call	__moduint_rrx_s
                            224 ;	AOP_STK for __printn_sloc0_1_0
   008A F8 09               225 	lda	hl,9(sp)
   008C 72                  226 	ld	(hl),d
   008D 2B                  227 	dec	hl
   008E 73                  228 	ld	(hl),e
   008F E8 04               229 	lda	sp,4(sp)
   0091 C1                  230 	pop	bc
                            231 ;	genPlus
                            232 ;	AOP_STK for __printn_sloc0_1_0
                            233 ;	AOP_STK for __printn_sloc1_1_0
                            234 ;	Can't optimise plus by inc, falling back to the normal way
   0092 11rBCs00            235 	ld	de,#__str_0
   0095 F8 02               236 	lda	hl,2(sp)
   0097 2A                  237 	ld	a,(hl+)
   0098 66                  238 	ld	h,(hl)
   0099 6F                  239 	ld	l,a
   009A 19                  240 	add	hl,de
   009B 7D                  241 	ld	a,l
   009C 54                  242 	ld	d,h
   009D F8 00               243 	lda	hl,0(sp)
                            244 ;	genPointerGet
                            245 ;	AOP_STK for __printn_sloc1_1_0
                            246 ;	AOP_STK for __printn_sloc0_1_0
   009F 22                  247 	ld	(hl+),a
   00A0 72                  248 	ld	(hl),d
   00A1 5F                  249 	ld	e,a
   00A2 1A                  250 	ld	a,(de)
   00A3 23                  251 	inc	hl
   00A4 77                  252 	ld	(hl),a
                            253 ;	genIpush
                            254 ; _saveRegsForCall: sendSetSize: 0 deInUse: 0 bcInUse: 0 deSending: 0
                            255 ;	AOP_STK for 
   00A5 F8 0D               256 	lda	hl,13(sp)
   00A7 2A                  257 	ld	a,(hl+)
   00A8 66                  258 	ld	h,(hl)
   00A9 6F                  259 	ld	l,a
   00AA E5                  260 	push	hl
                            261 ;	genIpush
                            262 ;	AOP_STK for __printn_sloc0_1_0
   00AB F8 04               263 	lda	hl,4(sp)
   00AD 7E                  264 	ld	a,(hl)
   00AE F5                  265 	push	af
   00AF 33                  266 	inc	sp
                            267 ;	genPcall
   00B0 21rB7s00            268 	ld	hl,#00112$
   00B3 E5                  269 	push	hl
   00B4 69                  270 	ld	l,c
   00B5 60                  271 	ld	h,b
   00B6 E9                  272 	jp	(hl)
   00B7                     273 00112$:
   00B7 E8 03               274 	lda	sp,3(sp)
                            275 ;	genLabel
   00B9                     276 00106$:
                            277 ;	genEndFunction
   00B9 E8 04               278 	lda	sp,4(sp)
   00BB C9                  279 	ret
   00BC                     280 ____printn_end:
   00BC                     281 __str_0:
   00BC 30 31 32 33 34 35   282 	.ascii "0123456789ABCDEF"
        36 37 38 39 41 42
        43 44 45 46
   00CC 00                  283 	.db 0x00
                            284 ;	printf.c 25
                            285 ;	genLabel
                            286 ;	genFunction
                            287 ;	---------------------------------
                            288 ; Function _printf
                            289 ; ---------------------------------
   00CD                     290 ____printf_start:
   00CD                     291 __printf:
   00CD E8 F2               292 	lda	sp,-14(sp)
                            293 ;	printf.c 27
                            294 ;	genAssign
                            295 ;	AOP_STK for 
   00CF F8 12               296 	lda	hl,18(sp)
   00D1 4E                  297 	ld	c,(hl)
   00D2 23                  298 	inc	hl
   00D3 46                  299 	ld	b,(hl)
                            300 ;	genLabel
   00D4                     301 00113$:
                            302 ;	genAssign
                            303 ;	AOP_STK for 
                            304 ;	AOP_STK for __printf_sloc0_1_0
   00D4 F8 10               305 	lda	hl,16(sp)
   00D6 2A                  306 	ld	a,(hl+)
   00D7 5E                  307 	ld	e,(hl)
   00D8 F8 03               308 	lda	hl,3(sp)
   00DA 22                  309 	ld	(hl+),a
   00DB 73                  310 	ld	(hl),e
                            311 ;	genPointerGet
                            312 ;	AOP_STK for __printf_sloc0_1_0
                            313 ;	AOP_STK for __printf_sloc1_1_0
   00DC 2B                  314 	dec	hl
   00DD 5E                  315 	ld	e,(hl)
   00DE 23                  316 	inc	hl
   00DF 56                  317 	ld	d,(hl)
   00E0 1A                  318 	ld	a,(de)
   00E1 2B                  319 	dec	hl
   00E2 2B                  320 	dec	hl
   00E3 77                  321 	ld	(hl),a
                            322 ;	genIfx
                            323 ;	AOP_STK for __printf_sloc1_1_0
   00E4 AF                  324 	xor	a,a
   00E5 B6                  325 	or	a,(hl)
   00E6 CArD3s02            326 	jp	z,00116$
                            327 ;	printf.c 28
                            328 ;	genCmpEq
                            329 ;	AOP_STK for __printf_sloc1_1_0
                            330 ; genCmpEq: left 1, right 1, result 0
   00E9 7E                  331 	ld	a,(hl)
   00EA FE 25               332 	cp	a,#0x25
   00EC C2rA6s02            333 	jp	nz,00111$
   00EF 18 03               334 	jr	00129$
   00F1                     335 00128$:
   00F1 C3rA6s02            336 	jp	00111$
   00F4                     337 00129$:
                            338 ;	printf.c 29
                            339 ;	genPlus
                            340 ;	AOP_STK for __printf_sloc0_1_0
                            341 ;	AOP_STK for 
                            342 ;	genPlusIncr
                            343 ;	Can't optimise plus by inc, falling back to the normal way
   00F4 F8 03               344 	lda	hl,3(sp)
   00F6 5E                  345 	ld	e,(hl)
   00F7 23                  346 	inc	hl
   00F8 56                  347 	ld	d,(hl)
   00F9 21 01 00            348 	ld	hl,#0x0001
   00FC 19                  349 	add	hl,de
   00FD 7D                  350 	ld	a,l
   00FE 54                  351 	ld	d,h
   00FF F8 10               352 	lda	hl,16(sp)
                            353 ;	genAssign
                            354 ;	(operands are equal 4)
                            355 ;	genPointerGet
                            356 ;	AOP_STK for 
                            357 ;	AOP_STK for __printf_sloc0_1_0
   0101 22                  358 	ld	(hl+),a
   0102 72                  359 	ld	(hl),d
   0103 5F                  360 	ld	e,a
   0104 1A                  361 	ld	a,(de)
   0105 F8 03               362 	lda	hl,3(sp)
                            363 ;	genCmpEq
                            364 ;	AOP_STK for __printf_sloc0_1_0
                            365 ; genCmpEq: left 1, right 1, result 0
   0107 77                  366 	ld      (hl),a
                            367 ; Removed redundent load
   0108 FE 63               368 	cp	a,#0x63
   010A CAr30s01            369 	jp	z,00101$
   010D                     370 00130$:
                            371 ;	genCmpEq
                            372 ;	AOP_STK for __printf_sloc0_1_0
                            373 ; genCmpEq: left 1, right 1, result 0
   010D F8 03               374 	lda	hl,3(sp)
   010F 7E                  375 	ld	a,(hl)
   0110 FE 64               376 	cp	a,#0x64
   0112 CArBEs01            377 	jp	z,00103$
   0115                     378 00131$:
                            379 ;	genCmpEq
                            380 ;	AOP_STK for __printf_sloc0_1_0
                            381 ; genCmpEq: left 1, right 1, result 0
   0115 F8 03               382 	lda	hl,3(sp)
   0117 7E                  383 	ld	a,(hl)
   0118 FE 73               384 	cp	a,#0x73
   011A CAr50s02            385 	jp	z,00108$
   011D                     386 00132$:
                            387 ;	genCmpEq
                            388 ;	AOP_STK for __printf_sloc0_1_0
                            389 ; genCmpEq: left 1, right 1, result 0
   011D F8 03               390 	lda	hl,3(sp)
   011F 7E                  391 	ld	a,(hl)
   0120 FE 75               392 	cp	a,#0x75
   0122 CAr75s01            393 	jp	z,00102$
   0125                     394 00133$:
                            395 ;	genCmpEq
                            396 ;	AOP_STK for __printf_sloc0_1_0
                            397 ; genCmpEq: left 1, right 1, result 0
   0125 F8 03               398 	lda	hl,3(sp)
   0127 7E                  399 	ld	a,(hl)
   0128 FE 78               400 	cp	a,#0x78
   012A CAr07s02            401 	jp	z,00104$
   012D                     402 00134$:
                            403 ;	genGoto
   012D C3rBAs02            404 	jp	00112$
                            405 ;	printf.c 34
                            406 ;	genLabel
   0130                     407 00101$:
                            408 ;	printf.c 31
                            409 ;	genPlus
                            410 ;	AOP_STK for 
                            411 ;	genPlusIncr
                            412 ;	Can't optimise plus by inc, falling back to the normal way
   0130 F8 16               413 	lda	hl,22(sp)
   0132 5E                  414 	ld	e,(hl)
   0133 23                  415 	inc	hl
   0134 56                  416 	ld	d,(hl)
   0135 21 02 00            417 	ld	hl,#0x0002
   0138 19                  418 	add	hl,de
   0139 7D                  419 	ld	a,l
   013A 54                  420 	ld	d,h
   013B F8 16               421 	lda	hl,22(sp)
   013D 22                  422 	ld	(hl+),a
   013E 72                  423 	ld	(hl),d
                            424 ;	genAssign
                            425 ;	(operands are equal 4)
                            426 ;	genMinus
                            427 ;	AOP_STK for 
                            428 ;	AOP_STK for __printf_sloc0_1_0
   013F 2B                  429 	dec	hl
   0140 5E                  430 	ld	e,(hl)
   0141 23                  431 	inc	hl
   0142 56                  432 	ld	d,(hl)
   0143 21 02 00            433 	ld	hl,#0x0002
   0146 7B                  434 	ld	a,e
   0147 95                  435 	sub	a,l
   0148 5F                  436 	ld	e,a
   0149 7A                  437 	ld	a,d
   014A 9C                  438 	sbc	a,h
   014B F8 04               439 	lda	hl,4(sp)
   014D 32                  440 	ld      (hl-),a
   014E 73                  441 	ld	(hl),e
                            442 ;	genPointerGet
                            443 ;	AOP_STK for __printf_sloc0_1_0
                            444 ;	AOP_STK for __printf_sloc2_1_0
   014F 5E                  445 	ld	e,(hl)
   0150 23                  446 	inc	hl
   0151 56                  447 	ld	d,(hl)
   0152 1A                  448 	ld	a,(de)
   0153 F8 00               449 	lda	hl,0(sp)
   0155 77                  450 	ld	(hl),a
   0156 13                  451 	inc	de
   0157 1A                  452 	ld	a,(de)
   0158 23                  453 	inc	hl
                            454 ;	genCast
                            455 ;	AOP_STK for __printf_sloc2_1_0
                            456 ;	AOP_STK for __printf_c_5_5
   0159 32                  457 	ld      (hl-),a
   015A 7E                  458 	ld	a,(hl)
   015B F8 0D               459 	lda	hl,13(sp)
   015D 77                  460 	ld	(hl),a
                            461 ;	printf.c 32
                            462 ;	genIpush
                            463 ; _saveRegsForCall: sendSetSize: 0 deInUse: 0 bcInUse: 0 deSending: 0
                            464 ;	AOP_STK for 
   015E F8 14               465 	lda	hl,20(sp)
   0160 2A                  466 	ld	a,(hl+)
   0161 66                  467 	ld	h,(hl)
   0162 6F                  468 	ld	l,a
   0163 E5                  469 	push	hl
                            470 ;	genIpush
                            471 ;	AOP_STK for __printf_c_5_5
   0164 F8 0F               472 	lda	hl,15(sp)
   0166 7E                  473 	ld	a,(hl)
   0167 F5                  474 	push	af
   0168 33                  475 	inc	sp
                            476 ;	genPcall
   0169 21r70s01            477 	ld	hl,#00135$
   016C E5                  478 	push	hl
   016D 69                  479 	ld	l,c
   016E 60                  480 	ld	h,b
   016F E9                  481 	jp	(hl)
   0170                     482 00135$:
   0170 E8 03               483 	lda	sp,3(sp)
                            484 ;	printf.c 33
                            485 ;	genGoto
   0172 C3rBAs02            486 	jp	00112$
                            487 ;	printf.c 40
                            488 ;	genLabel
   0175                     489 00102$:
                            490 ;	printf.c 37
                            491 ;	genPlus
                            492 ;	AOP_STK for 
                            493 ;	genPlusIncr
                            494 ;	Can't optimise plus by inc, falling back to the normal way
   0175 F8 16               495 	lda	hl,22(sp)
   0177 5E                  496 	ld	e,(hl)
   0178 23                  497 	inc	hl
   0179 56                  498 	ld	d,(hl)
   017A 21 02 00            499 	ld	hl,#0x0002
   017D 19                  500 	add	hl,de
   017E 7D                  501 	ld	a,l
   017F 54                  502 	ld	d,h
   0180 F8 16               503 	lda	hl,22(sp)
   0182 22                  504 	ld	(hl+),a
   0183 72                  505 	ld	(hl),d
                            506 ;	genAssign
                            507 ;	(operands are equal 4)
                            508 ;	genMinus
                            509 ;	AOP_STK for 
                            510 ;	AOP_STK for __printf_sloc2_1_0
   0184 2B                  511 	dec	hl
   0185 5E                  512 	ld	e,(hl)
   0186 23                  513 	inc	hl
   0187 56                  514 	ld	d,(hl)
   0188 21 02 00            515 	ld	hl,#0x0002
   018B 7B                  516 	ld	a,e
   018C 95                  517 	sub	a,l
   018D 5F                  518 	ld	e,a
   018E 7A                  519 	ld	a,d
   018F 9C                  520 	sbc	a,h
   0190 F8 01               521 	lda	hl,1(sp)
   0192 32                  522 	ld      (hl-),a
   0193 73                  523 	ld	(hl),e
                            524 ;	genPointerGet
                            525 ;	AOP_STK for __printf_sloc2_1_0
                            526 ;	AOP_STK for __printf_u_5_6
   0194 5E                  527 	ld	e,(hl)
   0195 23                  528 	inc	hl
   0196 56                  529 	ld	d,(hl)
   0197 1A                  530 	ld	a,(de)
   0198 F8 0B               531 	lda	hl,11(sp)
   019A 77                  532 	ld	(hl),a
   019B 13                  533 	inc	de
   019C 1A                  534 	ld	a,(de)
   019D 23                  535 	inc	hl
   019E 77                  536 	ld	(hl),a
                            537 ;	genAssign
                            538 ;	AOP_STK for __printf_u_5_6
                            539 ;	(registers are the same)
                            540 ;	printf.c 38
                            541 ;	genIpush
                            542 ; _saveRegsForCall: sendSetSize: 0 deInUse: 0 bcInUse: 1 deSending: 0
   019F C5                  543 	push	bc
                            544 ;	AOP_STK for 
   01A0 F8 16               545 	lda	hl,22(sp)
   01A2 2A                  546 	ld	a,(hl+)
   01A3 66                  547 	ld	h,(hl)
   01A4 6F                  548 	ld	l,a
   01A5 E5                  549 	push	hl
                            550 ;	genIpush
   01A6 C5                  551 	push	bc
                            552 ;	genIpush
   01A7 3E 00               553 	ld	a,#0x00
   01A9 F5                  554 	push	af
   01AA 33                  555 	inc	sp
                            556 ;	genIpush
   01AB 21 0A 00            557 	ld	hl,#0x000A
   01AE E5                  558 	push	hl
                            559 ;	genIpush
                            560 ;	AOP_STK for __printf_u_5_6
   01AF F8 14               561 	lda	hl,20(sp)
   01B1 2A                  562 	ld	a,(hl+)
   01B2 66                  563 	ld	h,(hl)
   01B3 6F                  564 	ld	l,a
   01B4 E5                  565 	push	hl
                            566 ;	genCall
   01B5 CDr00s00            567 	call	__printn
   01B8 E8 09               568 	lda	sp,9(sp)
   01BA C1                  569 	pop	bc
                            570 ;	printf.c 39
                            571 ;	genGoto
   01BB C3rBAs02            572 	jp	00112$
                            573 ;	printf.c 46
                            574 ;	genLabel
   01BE                     575 00103$:
                            576 ;	printf.c 43
                            577 ;	genPlus
                            578 ;	AOP_STK for 
                            579 ;	genPlusIncr
                            580 ;	Can't optimise plus by inc, falling back to the normal way
   01BE F8 16               581 	lda	hl,22(sp)
   01C0 5E                  582 	ld	e,(hl)
   01C1 23                  583 	inc	hl
   01C2 56                  584 	ld	d,(hl)
   01C3 21 02 00            585 	ld	hl,#0x0002
   01C6 19                  586 	add	hl,de
   01C7 7D                  587 	ld	a,l
   01C8 54                  588 	ld	d,h
   01C9 F8 16               589 	lda	hl,22(sp)
   01CB 22                  590 	ld	(hl+),a
   01CC 72                  591 	ld	(hl),d
                            592 ;	genAssign
                            593 ;	(operands are equal 4)
                            594 ;	genMinus
                            595 ;	AOP_STK for 
                            596 ;	AOP_STK for __printf_sloc2_1_0
   01CD 2B                  597 	dec	hl
   01CE 5E                  598 	ld	e,(hl)
   01CF 23                  599 	inc	hl
   01D0 56                  600 	ld	d,(hl)
   01D1 21 02 00            601 	ld	hl,#0x0002
   01D4 7B                  602 	ld	a,e
   01D5 95                  603 	sub	a,l
   01D6 5F                  604 	ld	e,a
   01D7 7A                  605 	ld	a,d
   01D8 9C                  606 	sbc	a,h
   01D9 F8 01               607 	lda	hl,1(sp)
   01DB 32                  608 	ld      (hl-),a
   01DC 73                  609 	ld	(hl),e
                            610 ;	genPointerGet
                            611 ;	AOP_STK for __printf_sloc2_1_0
                            612 ;	AOP_STK for __printf_u_5_7
   01DD 5E                  613 	ld	e,(hl)
   01DE 23                  614 	inc	hl
   01DF 56                  615 	ld	d,(hl)
   01E0 1A                  616 	ld	a,(de)
   01E1 F8 09               617 	lda	hl,9(sp)
   01E3 77                  618 	ld	(hl),a
   01E4 13                  619 	inc	de
   01E5 1A                  620 	ld	a,(de)
   01E6 23                  621 	inc	hl
   01E7 77                  622 	ld	(hl),a
                            623 ;	genAssign
                            624 ;	AOP_STK for __printf_u_5_7
                            625 ;	(registers are the same)
                            626 ;	printf.c 44
                            627 ;	genIpush
                            628 ; _saveRegsForCall: sendSetSize: 0 deInUse: 0 bcInUse: 1 deSending: 0
   01E8 C5                  629 	push	bc
                            630 ;	AOP_STK for 
   01E9 F8 16               631 	lda	hl,22(sp)
   01EB 2A                  632 	ld	a,(hl+)
   01EC 66                  633 	ld	h,(hl)
   01ED 6F                  634 	ld	l,a
   01EE E5                  635 	push	hl
                            636 ;	genIpush
   01EF C5                  637 	push	bc
                            638 ;	genIpush
   01F0 3E 01               639 	ld	a,#0x01
   01F2 F5                  640 	push	af
   01F3 33                  641 	inc	sp
                            642 ;	genIpush
   01F4 21 0A 00            643 	ld	hl,#0x000A
   01F7 E5                  644 	push	hl
                            645 ;	genIpush
                            646 ;	AOP_STK for __printf_u_5_7
   01F8 F8 12               647 	lda	hl,18(sp)
   01FA 2A                  648 	ld	a,(hl+)
   01FB 66                  649 	ld	h,(hl)
   01FC 6F                  650 	ld	l,a
   01FD E5                  651 	push	hl
                            652 ;	genCall
   01FE CDr00s00            653 	call	__printn
   0201 E8 09               654 	lda	sp,9(sp)
   0203 C1                  655 	pop	bc
                            656 ;	printf.c 45
                            657 ;	genGoto
   0204 C3rBAs02            658 	jp	00112$
                            659 ;	printf.c 52
                            660 ;	genLabel
   0207                     661 00104$:
                            662 ;	printf.c 49
                            663 ;	genPlus
                            664 ;	AOP_STK for 
                            665 ;	genPlusIncr
                            666 ;	Can't optimise plus by inc, falling back to the normal way
   0207 F8 16               667 	lda	hl,22(sp)
   0209 5E                  668 	ld	e,(hl)
   020A 23                  669 	inc	hl
   020B 56                  670 	ld	d,(hl)
   020C 21 02 00            671 	ld	hl,#0x0002
   020F 19                  672 	add	hl,de
   0210 7D                  673 	ld	a,l
   0211 54                  674 	ld	d,h
   0212 F8 16               675 	lda	hl,22(sp)
   0214 22                  676 	ld	(hl+),a
   0215 72                  677 	ld	(hl),d
                            678 ;	genAssign
                            679 ;	(operands are equal 4)
                            680 ;	genMinus
                            681 ;	AOP_STK for 
                            682 ;	AOP_STK for __printf_sloc2_1_0
   0216 2B                  683 	dec	hl
   0217 5E                  684 	ld	e,(hl)
   0218 23                  685 	inc	hl
   0219 56                  686 	ld	d,(hl)
   021A 21 02 00            687 	ld	hl,#0x0002
   021D 7B                  688 	ld	a,e
   021E 95                  689 	sub	a,l
   021F 5F                  690 	ld	e,a
   0220 7A                  691 	ld	a,d
   0221 9C                  692 	sbc	a,h
   0222 F8 01               693 	lda	hl,1(sp)
   0224 32                  694 	ld      (hl-),a
   0225 73                  695 	ld	(hl),e
                            696 ;	genPointerGet
                            697 ;	AOP_STK for __printf_sloc2_1_0
                            698 ;	AOP_STK for __printf_u_5_8
   0226 5E                  699 	ld	e,(hl)
   0227 23                  700 	inc	hl
   0228 56                  701 	ld	d,(hl)
   0229 1A                  702 	ld	a,(de)
   022A F8 07               703 	lda	hl,7(sp)
   022C 77                  704 	ld	(hl),a
   022D 13                  705 	inc	de
   022E 1A                  706 	ld	a,(de)
   022F 23                  707 	inc	hl
   0230 77                  708 	ld	(hl),a
                            709 ;	genAssign
                            710 ;	AOP_STK for __printf_u_5_8
                            711 ;	(registers are the same)
                            712 ;	printf.c 50
                            713 ;	genIpush
                            714 ; _saveRegsForCall: sendSetSize: 0 deInUse: 0 bcInUse: 1 deSending: 0
   0231 C5                  715 	push	bc
                            716 ;	AOP_STK for 
   0232 F8 16               717 	lda	hl,22(sp)
   0234 2A                  718 	ld	a,(hl+)
   0235 66                  719 	ld	h,(hl)
   0236 6F                  720 	ld	l,a
   0237 E5                  721 	push	hl
                            722 ;	genIpush
   0238 C5                  723 	push	bc
                            724 ;	genIpush
   0239 3E 00               725 	ld	a,#0x00
   023B F5                  726 	push	af
   023C 33                  727 	inc	sp
                            728 ;	genIpush
   023D 21 10 00            729 	ld	hl,#0x0010
   0240 E5                  730 	push	hl
                            731 ;	genIpush
                            732 ;	AOP_STK for __printf_u_5_8
   0241 F8 10               733 	lda	hl,16(sp)
   0243 2A                  734 	ld	a,(hl+)
   0244 66                  735 	ld	h,(hl)
   0245 6F                  736 	ld	l,a
   0246 E5                  737 	push	hl
                            738 ;	genCall
   0247 CDr00s00            739 	call	__printn
   024A E8 09               740 	lda	sp,9(sp)
   024C C1                  741 	pop	bc
                            742 ;	printf.c 51
                            743 ;	genGoto
   024D C3rBAs02            744 	jp	00112$
                            745 ;	printf.c 60
                            746 ;	genLabel
   0250                     747 00108$:
                            748 ;	printf.c 55
                            749 ;	genPlus
                            750 ;	AOP_STK for 
                            751 ;	genPlusIncr
                            752 ;	Can't optimise plus by inc, falling back to the normal way
   0250 F8 16               753 	lda	hl,22(sp)
   0252 5E                  754 	ld	e,(hl)
   0253 23                  755 	inc	hl
   0254 56                  756 	ld	d,(hl)
   0255 21 02 00            757 	ld	hl,#0x0002
   0258 19                  758 	add	hl,de
   0259 7D                  759 	ld	a,l
   025A 54                  760 	ld	d,h
   025B F8 16               761 	lda	hl,22(sp)
   025D 22                  762 	ld	(hl+),a
   025E 72                  763 	ld	(hl),d
                            764 ;	genAssign
                            765 ;	(operands are equal 4)
                            766 ;	genMinus
                            767 ;	AOP_STK for 
                            768 ;	AOP_STK for __printf_sloc2_1_0
   025F 2B                  769 	dec	hl
   0260 5E                  770 	ld	e,(hl)
   0261 23                  771 	inc	hl
   0262 56                  772 	ld	d,(hl)
   0263 21 02 00            773 	ld	hl,#0x0002
   0266 7B                  774 	ld	a,e
   0267 95                  775 	sub	a,l
   0268 5F                  776 	ld	e,a
   0269 7A                  777 	ld	a,d
   026A 9C                  778 	sbc	a,h
   026B F8 01               779 	lda	hl,1(sp)
   026D 32                  780 	ld      (hl-),a
   026E 73                  781 	ld	(hl),e
                            782 ;	genPointerGet
                            783 ;	AOP_STK for __printf_sloc2_1_0
                            784 ;	AOP_STK for __printf_s_5_9
   026F 5E                  785 	ld	e,(hl)
   0270 23                  786 	inc	hl
   0271 56                  787 	ld	d,(hl)
   0272 1A                  788 	ld	a,(de)
   0273 F8 05               789 	lda	hl,5(sp)
   0275 77                  790 	ld	(hl),a
   0276 13                  791 	inc	de
   0277 1A                  792 	ld	a,(de)
   0278 23                  793 	inc	hl
   0279 77                  794 	ld	(hl),a
                            795 ;	genAssign
                            796 ;	AOP_STK for __printf_s_5_9
                            797 ;	(registers are the same)
                            798 ;	printf.c 56
                            799 ;	genAssign
                            800 ;	AOP_STK for __printf_s_5_9
                            801 ;	(registers are the same)
                            802 ;	genLabel
   027A                     803 00105$:
                            804 ;	genPointerGet
                            805 ;	AOP_STK for __printf_s_5_9
                            806 ;	AOP_STK for __printf_sloc2_1_0
   027A F8 05               807 	lda	hl,5(sp)
   027C 5E                  808 	ld	e,(hl)
   027D 23                  809 	inc	hl
   027E 56                  810 	ld	d,(hl)
   027F 1A                  811 	ld	a,(de)
   0280 F8 00               812 	lda	hl,0(sp)
   0282 77                  813 	ld	(hl),a
                            814 ;	genIfx
                            815 ;	AOP_STK for __printf_sloc2_1_0
   0283 AF                  816 	xor	a,a
   0284 B6                  817 	or	a,(hl)
   0285 CArBAs02            818 	jp	z,00112$
                            819 ;	printf.c 57
                            820 ;	genIpush
                            821 ; _saveRegsForCall: sendSetSize: 0 deInUse: 0 bcInUse: 0 deSending: 0
                            822 ;	AOP_STK for 
   0288 F8 14               823 	lda	hl,20(sp)
   028A 2A                  824 	ld	a,(hl+)
   028B 66                  825 	ld	h,(hl)
   028C 6F                  826 	ld	l,a
   028D E5                  827 	push	hl
                            828 ;	genIpush
                            829 ;	AOP_STK for __printf_sloc2_1_0
   028E F8 02               830 	lda	hl,2(sp)
   0290 7E                  831 	ld	a,(hl)
   0291 F5                  832 	push	af
   0292 33                  833 	inc	sp
                            834 ;	genPcall
   0293 21r9As02            835 	ld	hl,#00136$
   0296 E5                  836 	push	hl
   0297 69                  837 	ld	l,c
   0298 60                  838 	ld	h,b
   0299 E9                  839 	jp	(hl)
   029A                     840 00136$:
   029A E8 03               841 	lda	sp,3(sp)
                            842 ;	printf.c 58
                            843 ;	genPlus
                            844 ;	AOP_STK for __printf_s_5_9
                            845 ;	genPlusIncr
   029C F8 05               846 	lda	hl,5(sp)
   029E 34                  847 	inc	(hl)
   029F 20 02               848 	jr	nz,00137$
   02A1 23                  849 	inc	hl
   02A2 34                  850 	inc	(hl)
   02A3                     851 00137$:
                            852 ;	genGoto
   02A3 C3r7As02            853 	jp	00105$
                            854 ;	printf.c 61
                            855 ;	genLabel
   02A6                     856 00111$:
                            857 ;	printf.c 64
                            858 ;	genIpush
                            859 ; _saveRegsForCall: sendSetSize: 0 deInUse: 0 bcInUse: 0 deSending: 0
                            860 ;	AOP_STK for 
   02A6 F8 14               861 	lda	hl,20(sp)
   02A8 2A                  862 	ld	a,(hl+)
   02A9 66                  863 	ld	h,(hl)
   02AA 6F                  864 	ld	l,a
   02AB E5                  865 	push	hl
                            866 ;	genIpush
                            867 ;	AOP_STK for __printf_sloc1_1_0
   02AC F8 04               868 	lda	hl,4(sp)
   02AE 7E                  869 	ld	a,(hl)
   02AF F5                  870 	push	af
   02B0 33                  871 	inc	sp
                            872 ;	genPcall
   02B1 21rB8s02            873 	ld	hl,#00138$
   02B4 E5                  874 	push	hl
   02B5 69                  875 	ld	l,c
   02B6 60                  876 	ld	h,b
   02B7 E9                  877 	jp	(hl)
   02B8                     878 00138$:
   02B8 E8 03               879 	lda	sp,3(sp)
                            880 ;	genLabel
   02BA                     881 00112$:
                            882 ;	printf.c 66
                            883 ;	genAssign
                            884 ;	AOP_STK for 
                            885 ;	AOP_STK for __printf_sloc2_1_0
   02BA F8 10               886 	lda	hl,16(sp)
   02BC 2A                  887 	ld	a,(hl+)
   02BD 5E                  888 	ld	e,(hl)
   02BE F8 00               889 	lda	hl,0(sp)
   02C0 22                  890 	ld	(hl+),a
   02C1 73                  891 	ld	(hl),e
                            892 ;	genPlus
                            893 ;	AOP_STK for __printf_sloc2_1_0
                            894 ;	AOP_STK for 
                            895 ;	genPlusIncr
                            896 ;	Can't optimise plus by inc, falling back to the normal way
   02C2 2B                  897 	dec	hl
   02C3 5E                  898 	ld	e,(hl)
   02C4 23                  899 	inc	hl
   02C5 56                  900 	ld	d,(hl)
   02C6 21 01 00            901 	ld	hl,#0x0001
   02C9 19                  902 	add	hl,de
   02CA 7D                  903 	ld	a,l
   02CB 54                  904 	ld	d,h
   02CC F8 10               905 	lda	hl,16(sp)
   02CE 22                  906 	ld	(hl+),a
   02CF 72                  907 	ld	(hl),d
                            908 ;	genGoto
   02D0 C3rD4s00            909 	jp	00113$
                            910 ;	genLabel
   02D3                     911 00116$:
                            912 ;	genEndFunction
   02D3 E8 0E               913 	lda	sp,14(sp)
   02D5 C9                  914 	ret
   02D6                     915 ____printf_end:
                            916 ;	printf.c 72
                            917 ;	genLabel
                            918 ;	genFunction
                            919 ;	---------------------------------
                            920 ; Function _char_emitter
                            921 ; ---------------------------------
   02D6                     922 ____char_emitter_start:
   02D6                     923 __char_emitter:
                            924 	
                            925 ;	printf.c 77
                            926 ;	genIpush
                            927 ; _saveRegsForCall: sendSetSize: 0 deInUse: 0 bcInUse: 0 deSending: 0
                            928 ;	AOP_STK for 
   02D6 F8 02               929 	lda	hl,2(sp)
   02D8 7E                  930 	ld	a,(hl)
   02D9 F5                  931 	push	af
   02DA 33                  932 	inc	sp
                            933 ;	genCall
   02DB CDr00s00            934 	call	_putchar
   02DE E8 01               935 	lda	sp,1(sp)
                            936 ;	genLabel
   02E0                     937 00101$:
                            938 ;	genEndFunction
                            939 	
   02E0 C9                  940 	ret
   02E1                     941 ____char_emitter_end:
                            942 ;	printf.c 80
                            943 ;	genLabel
                            944 ;	genFunction
                            945 ;	---------------------------------
                            946 ; Function printf
                            947 ; ---------------------------------
   02E1                     948 ___printf_start:
   02E1                     949 _printf:
                            950 	
                            951 ;	printf.c 83
                            952 ;	genAddrOf
   02E1 F8 02               953 	lda	hl,2(sp)
   02E3 4D                  954 	ld	c,l
   02E4 44                  955 	ld	b,h
                            956 ;	genPlus
                            957 ;	genPlusIncr
   02E5 69                  958 	ld	l,c
   02E6 60                  959 	ld	h,b
   02E7 23                  960 	inc	hl
   02E8 23                  961 	inc	hl
                            962 ;	printf.c 85
                            963 ;	genIpush
                            964 ; _saveRegsForCall: sendSetSize: 0 deInUse: 0 bcInUse: 0 deSending: 0
   02E9 E5                  965 	push	hl
                            966 ;	genIpush
   02EA 21 00 00            967 	ld	hl,#0x0000
   02ED E5                  968 	push	hl
                            969 ;	genIpush
   02EE 21rD6s02            970 	ld	hl,#__char_emitter
   02F1 E5                  971 	push	hl
                            972 ;	genIpush
                            973 ;	AOP_STK for 
   02F2 F8 08               974 	lda	hl,8(sp)
   02F4 2A                  975 	ld	a,(hl+)
   02F5 66                  976 	ld	h,(hl)
   02F6 6F                  977 	ld	l,a
   02F7 E5                  978 	push	hl
                            979 ;	genCall
   02F8 CDrCDs00            980 	call	__printf
   02FB E8 08               981 	lda	sp,8(sp)
                            982 ;	printf.c 88
                            983 ;	genRet
   02FD 11 00 00            984 	ld	de,#0x0000
                            985 ;	genLabel
   0300                     986 00101$:
                            987 ;	genEndFunction
                            988 	
   0300 C9                  989 	ret
   0301                     990 ___printf_end:
                            991 	.area _CODE
